# JRE version: Java(TM) SE Runtime Environment (9.0+11) (build 9.0.4+11)
# Java VM: Java HotSpot(TM) 64-Bit Server VM (9.0.4+11, mixed mode, tiered, compressed oops, g1 gc, windows-amd64)
Heap:
 garbage-first heap   total 212992K, used 144742K [0x0000000700000000, 0x0000000700100680, 0x00000007c0000000)
  region size 1024K, 16 young (16384K), 4 survivors (4096K)
 Metaspace       used 84556K, capacity 91382K, committed 91392K, reserved 1126400K
  class space    used 12381K, capacity 13565K, committed 13568K, reserved 1048576K
GC Heap History (10 events):
Event: 446.711 GC heap before
{Heap before GC invocations=261 (full 17):
 garbage-first heap   total 212992K, used 116167K [0x0000000700000000, 0x0000000700100680, 0x00000007c0000000)
  region size 1024K, 5 young (5120K), 3 survivors (3072K)
 Metaspace       used 84171K, capacity 91042K, committed 91136K, reserved 1126400K
  class space    used 12374K, capacity 13561K, committed 13568K, reserved 1048576K
}
Event: 446.714 GC heap after
{Heap after GC invocations=262 (full 17):
 garbage-first heap   total 212992K, used 109827K [0x0000000700000000, 0x0000000700100680, 0x00000007c0000000)
  region size 1024K, 3 young (3072K), 3 survivors (3072K)
 Metaspace       used 84171K, capacity 91042K, committed 91136K, reserved 1126400K
  class space    used 12374K, capacity 13561K, committed 13568K, reserved 1048576K
}
Event: 447.049 GC heap before
{Heap before GC invocations=263 (full 17):
 garbage-first heap   total 212992K, used 177411K [0x0000000700000000, 0x0000000700100680, 0x00000007c0000000)
  region size 1024K, 60 young (61440K), 3 survivors (3072K)
 Metaspace       used 84191K, capacity 91062K, committed 91136K, reserved 1126400K
  class space    used 12376K, capacity 13565K, committed 13568K, reserved 1048576K
}
Event: 447.052 GC heap after
{Heap after GC invocations=264 (full 17):
 garbage-first heap   total 212992K, used 110370K [0x0000000700000000, 0x0000000700100680, 0x00000007c0000000)
  region size 1024K, 4 young (4096K), 4 survivors (4096K)
 Metaspace       used 84191K, capacity 91062K, committed 91136K, reserved 1126400K
  class space    used 12376K, capacity 13565K, committed 13568K, reserved 1048576K
}
Event: 447.147 GC heap before
{Heap before GC invocations=264 (full 17):
 garbage-first heap   total 212992K, used 167714K [0x0000000700000000, 0x0000000700100680, 0x00000007c0000000)
  region size 1024K, 60 young (61440K), 4 survivors (4096K)
 Metaspace       used 84454K, capacity 91318K, committed 91392K, reserved 1126400K
  class space    used 12379K, capacity 13565K, committed 13568K, reserved 1048576K
}
Event: 447.150 GC heap after
{Heap after GC invocations=265 (full 17):
 garbage-first heap   total 212992K, used 102278K [0x0000000700000000, 0x0000000700100680, 0x00000007c0000000)
  region size 1024K, 4 young (4096K), 4 survivors (4096K)
 Metaspace       used 84454K, capacity 91318K, committed 91392K, reserved 1126400K
  class space    used 12379K, capacity 13565K, committed 13568K, reserved 1048576K
}
Event: 447.337 GC heap before
{Heap before GC invocations=266 (full 17):
 garbage-first heap   total 212992K, used 130950K [0x0000000700000000, 0x0000000700100680, 0x00000007c0000000)
  region size 1024K, 33 young (33792K), 4 survivors (4096K)
 Metaspace       used 84532K, capacity 91382K, committed 91392K, reserved 1126400K
  class space    used 12381K, capacity 13565K, committed 13568K, reserved 1048576K
}
Event: 447.340 GC heap after
{Heap after GC invocations=267 (full 17):
 garbage-first heap   total 212992K, used 102523K [0x0000000700000000, 0x0000000700100680, 0x00000007c0000000)
  region size 1024K, 4 young (4096K), 4 survivors (4096K)
 Metaspace       used 84532K, capacity 91382K, committed 91392K, reserved 1126400K
  class space    used 12381K, capacity 13565K, committed 13568K, reserved 1048576K
}
Event: 447.615 GC heap before
{Heap before GC invocations=268 (full 17):
 garbage-first heap   total 212992K, used 190587K [0x0000000700000000, 0x0000000700100680, 0x00000007c0000000)
  region size 1024K, 60 young (61440K), 4 survivors (4096K)
 Metaspace       used 84556K, capacity 91382K, committed 91392K, reserved 1126400K
  class space    used 12381K, capacity 13565K, committed 13568K, reserved 1048576K
}
Event: 447.618 GC heap after
{Heap after GC invocations=269 (full 17):
 garbage-first heap   total 212992K, used 133478K [0x0000000700000000, 0x0000000700100680, 0x00000007c0000000)
  region size 1024K, 4 young (4096K), 4 survivors (4096K)
 Metaspace       used 84556K, capacity 91382K, committed 91392K, reserved 1126400K
  class space    used 12381K, capacity 13565K, committed 13568K, reserved 1048576K
}

