# JRE version: Java(TM) SE Runtime Environment (9.0+11) (build 9.0.4+11)
# Java VM: Java HotSpot(TM) 64-Bit Server VM (9.0.4+11, mixed mode, tiered, compressed oops, g1 gc, windows-amd64)
Heap:
 garbage-first heap   total 267264K, used 155479K [0x0000000700000000, 0x0000000700100828, 0x00000007c0000000)
  region size 1024K, 14 young (14336K), 3 survivors (3072K)
 Metaspace       used 88284K, capacity 92498K, committed 96768K, reserved 1132544K
  class space    used 12637K, capacity 13413K, committed 14336K, reserved 1048576K
GC Heap History (10 events):
Event: 5344.381 GC heap before
{Heap before GC invocations=679 (full 10):
 garbage-first heap   total 267264K, used 181328K [0x0000000700000000, 0x0000000700100828, 0x00000007c0000000)
  region size 1024K, 13 young (13312K), 4 survivors (4096K)
 Metaspace       used 87747K, capacity 91842K, committed 96256K, reserved 1130496K
  class space    used 12600K, capacity 13367K, committed 14336K, reserved 1048576K
}
Event: 5344.385 GC heap after
{Heap after GC invocations=680 (full 10):
 garbage-first heap   total 267264K, used 173303K [0x0000000700000000, 0x0000000700100828, 0x00000007c0000000)
  region size 1024K, 4 young (4096K), 4 survivors (4096K)
 Metaspace       used 87747K, capacity 91842K, committed 96256K, reserved 1130496K
  class space    used 12600K, capacity 13367K, committed 14336K, reserved 1048576K
}
Event: 5351.214 GC heap before
{Heap before GC invocations=681 (full 10):
 garbage-first heap   total 267264K, used 246007K [0x0000000700000000, 0x0000000700100828, 0x00000007c0000000)
  region size 1024K, 60 young (61440K), 4 survivors (4096K)
 Metaspace       used 87962K, capacity 92238K, committed 96512K, reserved 1132544K
  class space    used 12634K, capacity 13413K, committed 14336K, reserved 1048576K
}
Event: 5351.218 GC heap after
{Heap after GC invocations=682 (full 10):
 garbage-first heap   total 267264K, used 114784K [0x0000000700000000, 0x0000000700100828, 0x00000007c0000000)
  region size 1024K, 5 young (5120K), 5 survivors (5120K)
 Metaspace       used 87962K, capacity 92238K, committed 96512K, reserved 1132544K
  class space    used 12634K, capacity 13413K, committed 14336K, reserved 1048576K
}
Event: 5351.299 GC heap before
{Heap before GC invocations=682 (full 10):
 garbage-first heap   total 267264K, used 171104K [0x0000000700000000, 0x0000000700100828, 0x00000007c0000000)
  region size 1024K, 60 young (61440K), 5 survivors (5120K)
 Metaspace       used 87964K, capacity 92238K, committed 96512K, reserved 1132544K
  class space    used 12634K, capacity 13413K, committed 14336K, reserved 1048576K
}
Event: 5351.303 GC heap after
{Heap after GC invocations=683 (full 10):
 garbage-first heap   total 267264K, used 113912K [0x0000000700000000, 0x0000000700100828, 0x00000007c0000000)
  region size 1024K, 2 young (2048K), 2 survivors (2048K)
 Metaspace       used 87964K, capacity 92238K, committed 96512K, reserved 1132544K
  class space    used 12634K, capacity 13413K, committed 14336K, reserved 1048576K
}
Event: 5351.486 GC heap before
{Heap before GC invocations=683 (full 10):
 garbage-first heap   total 267264K, used 165112K [0x0000000700000000, 0x0000000700100828, 0x00000007c0000000)
  region size 1024K, 53 young (54272K), 2 survivors (2048K)
 Metaspace       used 88274K, capacity 92494K, committed 96768K, reserved 1132544K
  class space    used 12637K, capacity 13413K, committed 14336K, reserved 1048576K
}
Event: 5351.490 GC heap after
{Heap after GC invocations=684 (full 10):
 garbage-first heap   total 267264K, used 114133K [0x0000000700000000, 0x0000000700100828, 0x00000007c0000000)
  region size 1024K, 3 young (3072K), 3 survivors (3072K)
 Metaspace       used 88274K, capacity 92494K, committed 96768K, reserved 1132544K
  class space    used 12637K, capacity 13413K, committed 14336K, reserved 1048576K
}
Event: 5351.790 GC heap before
{Heap before GC invocations=685 (full 10):
 garbage-first heap   total 267264K, used 203221K [0x0000000700000000, 0x0000000700100828, 0x00000007c0000000)
  region size 1024K, 60 young (61440K), 3 survivors (3072K)
 Metaspace       used 88284K, capacity 92498K, committed 96768K, reserved 1132544K
  class space    used 12637K, capacity 13413K, committed 14336K, reserved 1048576K
}
Event: 5351.793 GC heap after
{Heap after GC invocations=686 (full 10):
 garbage-first heap   total 267264K, used 145239K [0x0000000700000000, 0x0000000700100828, 0x00000007c0000000)
  region size 1024K, 3 young (3072K), 3 survivors (3072K)
 Metaspace       used 88284K, capacity 92498K, committed 96768K, reserved 1132544K
  class space    used 12637K, capacity 13413K, committed 14336K, reserved 1048576K
}

